# JRE version: Java(TM) SE Runtime Environment (8.0_152-b16) (build 1.8.0_152-b16)
# Java VM: Java HotSpot(TM) 64-Bit Server VM (25.152-b16 mixed mode windows-amd64 compressed oops)
Heap:
 PSYoungGen      total 162816K, used 58679K [0x0000000780800000, 0x000000078e600000, 0x00000007c0000000)
  eden space 147456K, 29% used [0x0000000780800000,0x00000007832aa740,0x0000000789800000)
  from space 15360K, 97% used [0x000000078d700000,0x000000078e5a3600,0x000000078e600000)
  to   space 16896K, 0% used [0x000000078c500000,0x000000078c500000,0x000000078d580000)
 ParOldGen       total 99840K, used 19658K [0x0000000701800000, 0x0000000707980000, 0x0000000780800000)
  object space 99840K, 19% used [0x0000000701800000,0x0000000702b328a8,0x0000000707980000)
 Metaspace       used 25397K, capacity 26150K, committed 26240K, reserved 1073152K
  class space    used 2962K, capacity 3143K, committed 3200K, reserved 1048576K
GC Heap History (10 events):
Event: 2.485 GC heap before
{Heap before GC invocations=3 (full 0):
 PSYoungGen      total 57344K, used 57326K [0x0000000780800000, 0x0000000787800000, 0x00000007c0000000)
  eden space 49152K, 100% used [0x0000000780800000,0x0000000783800000,0x0000000783800000)
  from space 8192K, 99% used [0x0000000784000000,0x00000007847fbae0,0x0000000784800000)
  to   space 8192K, 0% used [0x0000000783800000,0x0000000783800000,0x0000000784000000)
 ParOldGen       total 131072K, used 2696K [0x0000000701800000, 0x0000000709800000, 0x0000000780800000)
  object space 131072K, 2% used [0x0000000701800000,0x0000000701aa2018,0x0000000709800000)
 Metaspace       used 15506K, capacity 15834K, committed 16128K, reserved 1062912K
  class space    used 1870K, capacity 1977K, committed 2048K, reserved 1048576K
Event: 2.498 GC heap after
Heap after GC invocations=3 (full 0):
 PSYoungGen      total 57344K, used 8160K [0x0000000780800000, 0x0000000787800000, 0x00000007c0000000)
  eden space 49152K, 0% used [0x0000000780800000,0x0000000780800000,0x0000000783800000)
  from space 8192K, 99% used [0x0000000783800000,0x0000000783ff8030,0x0000000784000000)
  to   space 8192K, 0% used [0x0000000787000000,0x0000000787000000,0x0000000787800000)
 ParOldGen       total 131072K, used 6573K [0x0000000701800000, 0x0000000709800000, 0x0000000780800000)
  object space 131072K, 5% used [0x0000000701800000,0x0000000701e6b680,0x0000000709800000)
 Metaspace       used 15506K, capacity 15834K, committed 16128K, reserved 1062912K
  class space    used 1870K, capacity 1977K, committed 2048K, reserved 1048576K
}
Event: 3.037 GC heap before
{Heap before GC invocations=4 (full 0):
 PSYoungGen      total 57344K, used 57312K [0x0000000780800000, 0x0000000787800000, 0x00000007c0000000)
  eden space 49152K, 100% used [0x0000000780800000,0x0000000783800000,0x0000000783800000)
  from space 8192K, 99% used [0x0000000783800000,0x0000000783ff8030,0x0000000784000000)
  to   space 8192K, 0% used [0x0000000787000000,0x0000000787000000,0x0000000787800000)
 ParOldGen       total 131072K, used 6573K [0x0000000701800000, 0x0000000709800000, 0x0000000780800000)
  object space 131072K, 5% used [0x0000000701800000,0x0000000701e6b680,0x0000000709800000)
 Metaspace       used 16007K, capacity 16324K, committed 16640K, reserved 1064960K
  class space    used 1904K, capacity 1984K, committed 2048K, reserved 1048576K
Event: 3.054 GC heap after
Heap after GC invocations=4 (full 0):
 PSYoungGen      total 106496K, used 8176K [0x0000000780800000, 0x0000000787800000, 0x00000007c0000000)
  eden space 98304K, 0% used [0x0000000780800000,0x0000000780800000,0x0000000786800000)
  from space 8192K, 99% used [0x0000000787000000,0x00000007877fc040,0x0000000787800000)
  to   space 8192K, 0% used [0x0000000786800000,0x0000000786800000,0x0000000787000000)
 ParOldGen       total 131072K, used 10178K [0x0000000701800000, 0x0000000709800000, 0x0000000780800000)
  object space 131072K, 7% used [0x0000000701800000,0x00000007021f0b68,0x0000000709800000)
 Metaspace       used 16007K, capacity 16324K, committed 16640K, reserved 1064960K
  class space    used 1904K, capacity 1984K, committed 2048K, reserved 1048576K
}
Event: 4.360 GC heap before
{Heap before GC invocations=5 (full 0):
 PSYoungGen      total 106496K, used 75156K [0x0000000780800000, 0x0000000787800000, 0x00000007c0000000)
  eden space 98304K, 68% used [0x0000000780800000,0x00000007849690f8,0x0000000786800000)
  from space 8192K, 99% used [0x0000000787000000,0x00000007877fc040,0x0000000787800000)
  to   space 8192K, 0% used [0x0000000786800000,0x0000000786800000,0x0000000787000000)
 ParOldGen       total 131072K, used 10178K [0x0000000701800000, 0x0000000709800000, 0x0000000780800000)
  object space 131072K, 7% used [0x0000000701800000,0x00000007021f0b68,0x0000000709800000)
 Metaspace       used 20592K, capacity 21170K, committed 21296K, reserved 1069056K
  class space    used 2477K, capacity 2659K, committed 2688K, reserved 1048576K
Event: 4.455 GC heap after
Heap after GC invocations=5 (full 0):
 PSYoungGen      total 106496K, used 8160K [0x0000000780800000, 0x000000078e600000, 0x00000007c0000000)
  eden space 98304K, 0% used [0x0000000780800000,0x0000000780800000,0x0000000786800000)
  from space 8192K, 99% used [0x0000000786800000,0x0000000786ff8030,0x0000000787000000)
  to   space 15360K, 0% used [0x000000078d700000,0x000000078d700000,0x000000078e600000)
 ParOldGen       total 131072K, used 15249K [0x0000000701800000, 0x0000000709800000, 0x0000000780800000)
  object space 131072K, 11% used [0x0000000701800000,0x00000007026e4708,0x0000000709800000)
 Metaspace       used 20592K, capacity 21170K, committed 21296K, reserved 1069056K
  class space    used 2477K, capacity 2659K, committed 2688K, reserved 1048576K
}
Event: 4.455 GC heap before
{Heap before GC invocations=6 (full 1):
 PSYoungGen      total 106496K, used 8160K [0x0000000780800000, 0x000000078e600000, 0x00000007c0000000)
  eden space 98304K, 0% used [0x0000000780800000,0x0000000780800000,0x0000000786800000)
  from space 8192K, 99% used [0x0000000786800000,0x0000000786ff8030,0x0000000787000000)
  to   space 15360K, 0% used [0x000000078d700000,0x000000078d700000,0x000000078e600000)
 ParOldGen       total 131072K, used 15249K [0x0000000701800000, 0x0000000709800000, 0x0000000780800000)
  object space 131072K, 11% used [0x0000000701800000,0x00000007026e4708,0x0000000709800000)
 Metaspace       used 20592K, capacity 21170K, committed 21296K, reserved 1069056K
  class space    used 2477K, capacity 2659K, committed 2688K, reserved 1048576K
Event: 4.587 GC heap after
Heap after GC invocations=6 (full 1):
 PSYoungGen      total 106496K, used 0K [0x0000000780800000, 0x000000078e600000, 0x00000007c0000000)
  eden space 98304K, 0% used [0x0000000780800000,0x0000000780800000,0x0000000786800000)
  from space 8192K, 0% used [0x0000000786800000,0x0000000786800000,0x0000000787000000)
  to   space 15360K, 0% used [0x000000078d700000,0x000000078d700000,0x000000078e600000)
 ParOldGen       total 99840K, used 19658K [0x0000000701800000, 0x0000000707980000, 0x0000000780800000)
  object space 99840K, 19% used [0x0000000701800000,0x0000000702b328a8,0x0000000707980000)
 Metaspace       used 20592K, capacity 21170K, committed 21296K, reserved 1069056K
  class space    used 2477K, capacity 2659K, committed 2688K, reserved 1048576K
}
Event: 6.134 GC heap before
{Heap before GC invocations=7 (full 1):
 PSYoungGen      total 106496K, used 98304K [0x0000000780800000, 0x000000078e600000, 0x00000007c0000000)
  eden space 98304K, 100% used [0x0000000780800000,0x0000000786800000,0x0000000786800000)
  from space 8192K, 0% used [0x0000000786800000,0x0000000786800000,0x0000000787000000)
  to   space 15360K, 0% used [0x000000078d700000,0x000000078d700000,0x000000078e600000)
 ParOldGen       total 99840K, used 19658K [0x0000000701800000, 0x0000000707980000, 0x0000000780800000)
  object space 99840K, 19% used [0x0000000701800000,0x0000000702b328a8,0x0000000707980000)
 Metaspace       used 24235K, capacity 24992K, committed 25216K, reserved 1071104K
  class space    used 2858K, capacity 3078K, committed 3200K, reserved 1048576K
Event: 6.174 GC heap after
Heap after GC invocations=7 (full 1):
 PSYoungGen      total 162816K, used 14989K [0x0000000780800000, 0x000000078e600000, 0x00000007c0000000)
  eden space 147456K, 0% used [0x0000000780800000,0x0000000780800000,0x0000000789800000)
  from space 15360K, 97% used [0x000000078d700000,0x000000078e5a3600,0x000000078e600000)
  to   space 16896K, 0% used [0x000000078c500000,0x000000078c500000,0x000000078d580000)
 ParOldGen       total 99840K, used 19658K [0x0000000701800000, 0x0000000707980000, 0x0000000780800000)
  object space 99840K, 19% used [0x0000000701800000,0x0000000702b328a8,0x0000000707980000)
 Metaspace       used 24235K, capacity 24992K, committed 25216K, reserved 1071104K
  class space    used 2858K, capacity 3078K, committed 3200K, reserved 1048576K
}

